#
# A fatal error has been detected by the Java Runtime Environment:
#
#  EXCEPTION_ACCESS_VIOLATION (0xc0000005) at pc=0x000000005f57f750, pid=10280, tid=0x0000000000001e6c
#
# JRE version: OpenJDK Runtime Environment (8.0_202-b03) (build 1.8.0_202-release-1483-b03)
# Java VM: OpenJDK 64-Bit Server VM (25.202-b03 mixed mode windows-amd64 compressed oops)
# Problematic frame:
# V  [jvm.dll+0x46f750]
#
# Failed to write core dump. Minidumps are not enabled by default on client versions of Windows
#
# If you would like to submit a bug report, please visit:
#   http://bugreport.java.com/bugreport/crash.jsp
#

---------------  T H R E A D  ---------------

Current thread (0x0000000017c05800):  JavaThread "C2 CompilerThread0" daemon [_thread_in_native, id=7788, stack(0x00000000181f0000,0x00000000182f0000)]

siginfo: ExceptionCode=0xc0000005, reading address 0x00000000df8da650

Registers:
RAX=0x0000000000000000, RBX=0x0000000021bf7b50, RCX=0x00000000df8da650, RDX=0x0000000000000000
RSP=0x00000000182ec420, RBP=0x0000000000000020, RSI=0x0000000000000100, RDI=0x00000000182ec470
R8 =0x0000000021bf7c90, R9 =0x00000000229811a0, R10=0x000000005f110000, R11=0x00000000182ec340
R12=0x000000005f8da650, R13=0x000000005f110000, R14=0x0000000017c3d928, R15=0x00000000000003d8
RIP=0x000000005f57f750, EFLAGS=0x0000000000010246

Top of Stack: (sp=0x00000000182ec420)
0x00000000182ec420:   00000000182eebf0 0000000021b1c870
0x00000000182ec430:   fffffffffffffff8 0000000017bfd0b0
0x00000000182ec440:   000000000000227a 000000005f57a82f
0x00000000182ec450:   0000000021bf70b0 0000000021bf7b50
0x00000000182ec460:   000000000000227a 00000000182ec550
0x00000000182ec470:   0000000000000000 0000000000000008
0x00000000182ec480:   00000000df8da650 0000000000000000
0x00000000182ec490:   000000001dd2aa10 000000000000003f
0x00000000182ec4a0:   0000000021bf7c90 00000000182ec840
0x00000000182ec4b0:   0000000017c3d550 00000000182ec840
0x00000000182ec4c0:   0000000017c3d540 000000005f546f61
0x00000000182ec4d0:   0000000000000000 00000000182ec5d0
0x00000000182ec4e0:   0000000000000000 0000000000000009
0x00000000182ec4f0:   0000000000000006 0000000017c3d540
0x00000000182ec500:   0000000022b3b5d0 0000000022b3dc20
0x00000000182ec510:   0000000022b435b8 00000000011c9a90 

Instructions: (pc=0x000000005f57f750)
0x000000005f57f730:   48 8b 4f 20 48 39 04 0e 0f 84 9d 00 00 00 48 8b
0x000000005f57f740:   0c 0e 33 d2 33 c0 48 89 4f 10 66 0f 1f 44 00 00
0x000000005f57f750:   83 3c 08 00 0f 85 36 01 00 00 ff c2 48 83 c0 04
0x000000005f57f760:   83 fa 08 72 eb 48 8b 47 30 48 89 44 24 30 48 85 


Register to memory mapping:

RAX=0x0000000000000000 is an unknown value
RBX=0x0000000021bf7b50 is an unknown value
RCX=0x00000000df8da650 is an unallocated location in the heap
RDX=0x0000000000000000 is an unknown value
RSP=0x00000000182ec420 is pointing into the stack for thread: 0x0000000017c05800
RBP=0x0000000000000020 is an unknown value
RSI=0x0000000000000100 is an unknown value
RDI=0x00000000182ec470 is pointing into the stack for thread: 0x0000000017c05800
R8 =0x0000000021bf7c90 is an unknown value
R9 =0x00000000229811a0 is an unknown value
R10=0x000000005f110000 is an unknown value
R11=0x00000000182ec340 is pointing into the stack for thread: 0x0000000017c05800
R12=0x000000005f8da650 is an unknown value
R13=0x000000005f110000 is an unknown value
R14=0x0000000017c3d928 is an unknown value
R15=0x00000000000003d8 is an unknown value


Stack: [0x00000000181f0000,0x00000000182f0000],  sp=0x00000000182ec420,  free space=1009k
Native frames: (J=compiled Java code, j=interpreted, Vv=VM code, C=native code)
V  [jvm.dll+0x46f750]
V  [jvm.dll+0x46a82f]
V  [jvm.dll+0x436f61]
V  [jvm.dll+0x4419bb]
V  [jvm.dll+0x4442b8]
V  [jvm.dll+0x4273d2]
V  [jvm.dll+0x8215f]
V  [jvm.dll+0x82abf]
V  [jvm.dll+0x21db7f]
V  [jvm.dll+0x26f5ba]
C  [msvcr100.dll+0x21d9f]
C  [msvcr100.dll+0x21e3b]
C  [KERNEL32.DLL+0x17bd4]
C  [ntdll.dll+0x6ced1]


Current CompileTask:
C2:  16782 2234   !   4       java.net.URLClassLoader$1::run (63 bytes)


---------------  P R O C E S S  ---------------

Java Threads: ( => current thread )
  0x000000001af33000 JavaThread "Cache worker for execution history cache (C:\Users\Rijo's\.gradle\caches\5.4.1\executionHistory)" [_thread_blocked, id=8084, stack(0x0000000021500000,0x0000000021600000)]
  0x000000001af34000 JavaThread "Cache worker for cache directory md-rule (C:\Users\Rijo's\.gradle\caches\5.4.1\md-rule)" [_thread_blocked, id=6864, stack(0x0000000021400000,0x0000000021500000)]
  0x0000000018e16000 JavaThread "Cache worker for cache directory md-supplier (C:\Users\Rijo's\.gradle\caches\5.4.1\md-supplier)" [_thread_blocked, id=4160, stack(0x0000000020a10000,0x0000000020b10000)]
  0x0000000018e14800 JavaThread "Cache worker for file hash cache (C:\Users\Rijo's\AndroidStudioProjects\SearchActivity\.gradle\5.4.1\fileHashes)" [_thread_blocked, id=11468, stack(0x000000001f6a0000,0x000000001f7a0000)]
  0x0000000018e17000 JavaThread "Cache worker for journal cache (C:\Users\Rijo's\.gradle\caches\journal-1)" [_thread_blocked, id=5536, stack(0x000000001d500000,0x000000001d600000)]
  0x0000000018e18800 JavaThread "File lock request listener" [_thread_in_native, id=5544, stack(0x000000001d200000,0x000000001d300000)]
  0x00000000193ac000 JavaThread "Cache worker for file hash cache (C:\Users\Rijo's\.gradle\caches\5.4.1\fileHashes)" [_thread_blocked, id=11876, stack(0x000000001d100000,0x000000001d200000)]
  0x0000000017e22000 JavaThread "Thread-9" [_thread_blocked, id=8780, stack(0x000000001d000000,0x000000001d100000)]
  0x0000000018bf9800 JavaThread "Stdin handler" [_thread_blocked, id=10460, stack(0x000000001cf00000,0x000000001d000000)]
  0x0000000017d92800 JavaThread "Asynchronous log dispatcher for DefaultDaemonConnection: socket connection from /127.0.0.1:54943 to /127.0.0.1:54944" [_thread_blocked, id=11056, stack(0x000000001ce00000,0x000000001cf00000)]
  0x0000000018faa000 JavaThread "Daemon worker" [_thread_in_vm, id=13240, stack(0x000000001cd00000,0x000000001ce00000)]
  0x000000001a5f7000 JavaThread "Cancel handler" [_thread_blocked, id=11284, stack(0x000000001cc00000,0x000000001cd00000)]
  0x0000000019433000 JavaThread "Handler for socket connection from /127.0.0.1:54943 to /127.0.0.1:54944" [_thread_in_native, id=6512, stack(0x000000001c900000,0x000000001ca00000)]
  0x0000000017e6d800 JavaThread "Daemon" [_thread_blocked, id=5652, stack(0x000000001c800000,0x000000001c900000)]
  0x0000000017d80000 JavaThread "Daemon periodic checks" [_thread_blocked, id=9612, stack(0x000000001c700000,0x000000001c800000)]
  0x0000000017e4c000 JavaThread "Incoming local TCP Connector on port 54943" [_thread_in_native, id=11116, stack(0x000000001c4c0000,0x000000001c5c0000)]
  0x0000000018f61800 JavaThread "Daemon health stats" [_thread_blocked, id=11588, stack(0x000000001b280000,0x000000001b380000)]
  0x0000000017c93800 JavaThread "Service Thread" daemon [_thread_blocked, id=11328, stack(0x00000000184f0000,0x00000000185f0000)]
  0x0000000017c11000 JavaThread "C1 CompilerThread2" daemon [_thread_blocked, id=9008, stack(0x00000000183f0000,0x00000000184f0000)]
  0x0000000017c0f000 JavaThread "C2 CompilerThread1" daemon [_thread_blocked, id=6756, stack(0x00000000182f0000,0x00000000183f0000)]
=>0x0000000017c05800 JavaThread "C2 CompilerThread0" daemon [_thread_in_native, id=7788, stack(0x00000000181f0000,0x00000000182f0000)]
  0x0000000017c02000 JavaThread "Attach Listener" daemon [_thread_blocked, id=11352, stack(0x00000000180f0000,0x00000000181f0000)]
  0x0000000017bff000 JavaThread "Signal Dispatcher" daemon [_thread_blocked, id=3108, stack(0x0000000017ff0000,0x00000000180f0000)]
  0x00000000167c5000 JavaThread "Finalizer" daemon [_thread_blocked, id=10052, stack(0x00000000179f0000,0x0000000017af0000)]
  0x00000000167b5800 JavaThread "Reference Handler" daemon [_thread_blocked, id=10628, stack(0x00000000178f0000,0x00000000179f0000)]
  0x0000000002d36800 JavaThread "main" [_thread_blocked, id=6668, stack(0x0000000002c30000,0x0000000002d30000)]

Other Threads:
  0x0000000016783800 VMThread [stack: 0x00000000177f0000,0x00000000178f0000] [id=9240]
  0x0000000017ca2800 WatcherThread [stack: 0x00000000185f0000,0x00000000186f0000] [id=7456]

VM state:not at safepoint (normal execution)

VM Mutex/Monitor currently owned by a thread: None

heap address: 0x00000000a0000000, size: 1536 MB, Compressed Oops mode: 32-bit
Narrow klass base: 0x0000000000000000, Narrow klass shift: 3
Compressed class space size: 1073741824 Address: 0x0000000100000000

Heap:
 PSYoungGen      total 65024K, used 31554K [0x00000000e0000000, 0x00000000e4980000, 0x0000000100000000)
  eden space 54784K, 47% used [0x00000000e0000000,0x00000000e1969b40,0x00000000e3580000)
  from space 10240K, 54% used [0x00000000e3f80000,0x00000000e44e6d98,0x00000000e4980000)
  to   space 10240K, 0% used [0x00000000e3580000,0x00000000e3580000,0x00000000e3f80000)
 ParOldGen       total 58368K, used 8590K [0x00000000a0000000, 0x00000000a3900000, 0x00000000e0000000)
  object space 58368K, 14% used [0x00000000a0000000,0x00000000a0863b58,0x00000000a3900000)
 Metaspace       used 29977K, capacity 30540K, committed 30848K, reserved 1075200K
  class space    used 4174K, capacity 4367K, committed 4480K, reserved 1048576K

Card table byte_map: [0x00000000121f0000,0x0000000012500000] byte_map_base: 0x0000000011cf0000

Marking Bits: (ParMarkBitMap*) 0x000000005f8d9f30
 Begin Bits: [0x0000000012b00000, 0x0000000014300000)
 End Bits:   [0x0000000014300000, 0x0000000015b00000)

Polling page: 0x00000000007f0000

CodeCache: size=245760Kb used=8110Kb max_used=8131Kb free=237649Kb
 bounds [0x0000000002e30000, 0x0000000003630000, 0x0000000011e30000]
 total_blobs=2745 nmethods=2072 adapters=586
 compilation: enabled

Compilation events (10 events):
Event: 16.586 Thread 0x0000000017c11000 2258       3       java.util.AbstractList::iterator (10 bytes)
Event: 16.587 Thread 0x0000000017c11000 nmethod 2258 0x00000000035f6d10 code [0x00000000035f6e80, 0x00000000035f7170]
Event: 16.593 Thread 0x0000000017c11000 2259       3       java.lang.invoke.MethodType::erase (8 bytes)
Event: 16.593 Thread 0x0000000017c11000 nmethod 2259 0x00000000035f72d0 code [0x00000000035f7420, 0x00000000035f7610]
Event: 16.593 Thread 0x0000000017c11000 2260       3       sun.reflect.NativeConstructorAccessorImpl::newInstance (89 bytes)
Event: 16.596 Thread 0x0000000017c11000 nmethod 2260 0x00000000035f7a90 code [0x00000000035f7d00, 0x00000000035f9038]
Event: 16.596 Thread 0x0000000017c11000 2262       3       java.lang.invoke.MethodHandle::<init> (35 bytes)
Event: 16.597 Thread 0x0000000017c11000 nmethod 2262 0x00000000035f9850 code [0x00000000035f99e0, 0x00000000035f9db8]
Event: 16.597 Thread 0x0000000017c11000 2263       3       java.lang.invoke.LambdaForm::prepare (43 bytes)
Event: 16.597 Thread 0x0000000017c11000 nmethod 2263 0x00000000035f9f50 code [0x00000000035fa0e0, 0x00000000035fa428]

GC Heap History (10 events):
Event: 11.642 GC heap before
{Heap before GC invocations=5 (full 0):
 PSYoungGen      total 38400K, used 38384K [0x00000000e0000000, 0x00000000e2a80000, 0x0000000100000000)
  eden space 33280K, 100% used [0x00000000e0000000,0x00000000e2080000,0x00000000e2080000)
  from space 5120K, 99% used [0x00000000e2580000,0x00000000e2a7c010,0x00000000e2a80000)
  to   space 5120K, 0% used [0x00000000e2080000,0x00000000e2080000,0x00000000e2580000)
 ParOldGen       total 87552K, used 5051K [0x00000000a0000000, 0x00000000a5580000, 0x00000000e0000000)
  object space 87552K, 5% used [0x00000000a0000000,0x00000000a04eecd8,0x00000000a5580000)
 Metaspace       used 19090K, capacity 19578K, committed 19712K, reserved 1067008K
  class space    used 2770K, capacity 2961K, committed 3072K, reserved 1048576K
Event: 11.659 GC heap after
Heap after GC invocations=5 (full 0):
 PSYoungGen      total 37888K, used 5104K [0x00000000e0000000, 0x00000000e3500000, 0x0000000100000000)
  eden space 32768K, 0% used [0x00000000e0000000,0x00000000e0000000,0x00000000e2000000)
  from space 5120K, 99% used [0x00000000e2080000,0x00000000e257c060,0x00000000e2580000)
  to   space 10752K, 0% used [0x00000000e2a80000,0x00000000e2a80000,0x00000000e3500000)
 ParOldGen       total 87552K, used 8785K [0x00000000a0000000, 0x00000000a5580000, 0x00000000e0000000)
  object space 87552K, 10% used [0x00000000a0000000,0x00000000a08944b8,0x00000000a5580000)
 Metaspace       used 19090K, capacity 19578K, committed 19712K, reserved 1067008K
  class space    used 2770K, capacity 2961K, committed 3072K, reserved 1048576K
}
Event: 12.265 GC heap before
{Heap before GC invocations=6 (full 0):
 PSYoungGen      total 37888K, used 16324K [0x00000000e0000000, 0x00000000e3500000, 0x0000000100000000)
  eden space 32768K, 34% used [0x00000000e0000000,0x00000000e0af5178,0x00000000e2000000)
  from space 5120K, 99% used [0x00000000e2080000,0x00000000e257c060,0x00000000e2580000)
  to   space 10752K, 0% used [0x00000000e2a80000,0x00000000e2a80000,0x00000000e3500000)
 ParOldGen       total 87552K, used 8785K [0x00000000a0000000, 0x00000000a5580000, 0x00000000e0000000)
  object space 87552K, 10% used [0x00000000a0000000,0x00000000a08944b8,0x00000000a5580000)
 Metaspace       used 20695K, capacity 21160K, committed 21296K, reserved 1067008K
  class space    used 2953K, capacity 3125K, committed 3200K, reserved 1048576K
Event: 12.283 GC heap after
Heap after GC invocations=6 (full 0):
 PSYoungGen      total 44032K, used 7171K [0x00000000e0000000, 0x00000000e5400000, 0x0000000100000000)
  eden space 33280K, 0% used [0x00000000e0000000,0x00000000e0000000,0x00000000e2080000)
  from space 10752K, 66% used [0x00000000e2a80000,0x00000000e3180e78,0x00000000e3500000)
  to   space 10240K, 0% used [0x00000000e2080000,0x00000000e2080000,0x00000000e2a80000)
 ParOldGen       total 87552K, used 8793K [0x00000000a0000000, 0x00000000a5580000, 0x00000000e0000000)
  object space 87552K, 10% used [0x00000000a0000000,0x00000000a08964b8,0x00000000a5580000)
 Metaspace       used 20695K, capacity 21160K, committed 21296K, reserved 1067008K
  class space    used 2953K, capacity 3125K, committed 3200K, reserved 1048576K
}
Event: 12.283 GC heap before
{Heap before GC invocations=7 (full 1):
 PSYoungGen      total 44032K, used 7171K [0x00000000e0000000, 0x00000000e5400000, 0x0000000100000000)
  eden space 33280K, 0% used [0x00000000e0000000,0x00000000e0000000,0x00000000e2080000)
  from space 10752K, 66% used [0x00000000e2a80000,0x00000000e3180e78,0x00000000e3500000)
  to   space 10240K, 0% used [0x00000000e2080000,0x00000000e2080000,0x00000000e2a80000)
 ParOldGen       total 87552K, used 8793K [0x00000000a0000000, 0x00000000a5580000, 0x00000000e0000000)
  object space 87552K, 10% used [0x00000000a0000000,0x00000000a08964b8,0x00000000a5580000)
 Metaspace       used 20695K, capacity 21160K, committed 21296K, reserved 1067008K
  class space    used 2953K, capacity 3125K, committed 3200K, reserved 1048576K
Event: 12.358 GC heap after
Heap after GC invocations=7 (full 1):
 PSYoungGen      total 44032K, used 0K [0x00000000e0000000, 0x00000000e5400000, 0x0000000100000000)
  eden space 33280K, 0% used [0x00000000e0000000,0x00000000e0000000,0x00000000e2080000)
  from space 10752K, 0% used [0x00000000e2a80000,0x00000000e2a80000,0x00000000e3500000)
  to   space 10240K, 0% used [0x00000000e2080000,0x00000000e2080000,0x00000000e2a80000)
 ParOldGen       total 58368K, used 8574K [0x00000000a0000000, 0x00000000a3900000, 0x00000000e0000000)
  object space 58368K, 14% used [0x00000000a0000000,0x00000000a085fb58,0x00000000a3900000)
 Metaspace       used 20695K, capacity 21160K, committed 21296K, reserved 1067008K
  class space    used 2953K, capacity 3125K, committed 3200K, reserved 1048576K
}
Event: 14.228 GC heap before
{Heap before GC invocations=8 (full 1):
 PSYoungGen      total 44032K, used 33280K [0x00000000e0000000, 0x00000000e5400000, 0x0000000100000000)
  eden space 33280K, 100% used [0x00000000e0000000,0x00000000e2080000,0x00000000e2080000)
  from space 10752K, 0% used [0x00000000e2a80000,0x00000000e2a80000,0x00000000e3500000)
  to   space 10240K, 0% used [0x00000000e2080000,0x00000000e2080000,0x00000000e2a80000)
 ParOldGen       total 58368K, used 8574K [0x00000000a0000000, 0x00000000a3900000, 0x00000000e0000000)
  object space 58368K, 14% used [0x00000000a0000000,0x00000000a085fb58,0x00000000a3900000)
 Metaspace       used 25854K, capacity 26340K, committed 26496K, reserved 1073152K
  class space    used 3493K, capacity 3677K, committed 3712K, reserved 1048576K
Event: 14.237 GC heap after
Heap after GC invocations=8 (full 1):
 PSYoungGen      total 43520K, used 4474K [0x00000000e0000000, 0x00000000e4980000, 0x0000000100000000)
  eden space 33280K, 0% used [0x00000000e0000000,0x00000000e0000000,0x00000000e2080000)
  from space 10240K, 43% used [0x00000000e2080000,0x00000000e24de970,0x00000000e2a80000)
  to   space 10240K, 0% used [0x00000000e3f80000,0x00000000e3f80000,0x00000000e4980000)
 ParOldGen       total 58368K, used 8582K [0x00000000a0000000, 0x00000000a3900000, 0x00000000e0000000)
  object space 58368K, 14% used [0x00000000a0000000,0x00000000a0861b58,0x00000000a3900000)
 Metaspace       used 25854K, capacity 26340K, committed 26496K, reserved 1073152K
  class space    used 3493K, capacity 3677K, committed 3712K, reserved 1048576K
}
Event: 15.340 GC heap before
{Heap before GC invocations=9 (full 1):
 PSYoungGen      total 43520K, used 37754K [0x00000000e0000000, 0x00000000e4980000, 0x0000000100000000)
  eden space 33280K, 100% used [0x00000000e0000000,0x00000000e2080000,0x00000000e2080000)
  from space 10240K, 43% used [0x00000000e2080000,0x00000000e24de970,0x00000000e2a80000)
  to   space 10240K, 0% used [0x00000000e3f80000,0x00000000e3f80000,0x00000000e4980000)
 ParOldGen       total 58368K, used 8582K [0x00000000a0000000, 0x00000000a3900000, 0x00000000e0000000)
  object space 58368K, 14% used [0x00000000a0000000,0x00000000a0861b58,0x00000000a3900000)
 Metaspace       used 28346K, capacity 28816K, committed 28928K, reserved 1075200K
  class space    used 3914K, capacity 4095K, committed 4096K, reserved 1048576K
Event: 15.353 GC heap after
Heap after GC invocations=9 (full 1):
 PSYoungGen      total 65024K, used 5531K [0x00000000e0000000, 0x00000000e4980000, 0x0000000100000000)
  eden space 54784K, 0% used [0x00000000e0000000,0x00000000e0000000,0x00000000e3580000)
  from space 10240K, 54% used [0x00000000e3f80000,0x00000000e44e6d98,0x00000000e4980000)
  to   space 10240K, 0% used [0x00000000e3580000,0x00000000e3580000,0x00000000e3f80000)
 ParOldGen       total 58368K, used 8590K [0x00000000a0000000, 0x00000000a3900000, 0x00000000e0000000)
  object space 58368K, 14% used [0x00000000a0000000,0x00000000a0863b58,0x00000000a3900000)
 Metaspace       used 28346K, capacity 28816K, committed 28928K, reserved 1075200K
  class space    used 3914K, capacity 4095K, committed 4096K, reserved 1048576K
}

Deoptimization events (10 events):
Event: 11.849 Thread 0x0000000018faa000 Uncommon trap: reason=unstable_if action=reinterpret pc=0x0000000002fdbfb8 method=java.lang.ClassLoader.getClassLoadingLock(Ljava/lang/String;)Ljava/lang/Object; @ 6
Event: 12.031 Thread 0x0000000018faa000 Uncommon trap: reason=bimorphic action=maybe_recompile pc=0x0000000002f7bfc0 method=java.io.BufferedInputStream.read([BII)I @ 101
Event: 12.032 Thread 0x0000000018faa000 Uncommon trap: reason=bimorphic action=maybe_recompile pc=0x0000000002f7bfc0 method=java.io.BufferedInputStream.read([BII)I @ 101
Event: 12.034 Thread 0x0000000018faa000 Uncommon trap: reason=bimorphic action=maybe_recompile pc=0x0000000002f7bfc0 method=java.io.BufferedInputStream.read([BII)I @ 101
Event: 12.035 Thread 0x0000000018faa000 Uncommon trap: reason=bimorphic action=maybe_recompile pc=0x0000000002f7bfc0 method=java.io.BufferedInputStream.read([BII)I @ 101
Event: 12.358 Thread 0x00000000167b5800 Uncommon trap: reason=unstable_if action=reinterpret pc=0x00000000033627fc method=java.lang.ref.Reference.tryHandlePending(Z)Z @ 104
Event: 14.270 Thread 0x0000000018faa000 Uncommon trap: reason=unstable_if action=reinterpret pc=0x0000000002f54a68 method=java.util.HashMap.hash(Ljava/lang/Object;)I @ 1
Event: 14.334 Thread 0x0000000018faa000 Uncommon trap: reason=unstable_if action=reinterpret pc=0x0000000002f83da8 method=java.util.HashMap.hash(Ljava/lang/Object;)I @ 1
Event: 14.636 Thread 0x0000000018faa000 Uncommon trap: reason=unstable_if action=reinterpret pc=0x00000000030e4f08 method=java.io.WinNTFileSystem.resolve(Ljava/lang/String;Ljava/lang/String;)Ljava/lang/String; @ 49
Event: 14.726 Thread 0x0000000018faa000 Uncommon trap: reason=unstable_if action=reinterpret pc=0x000000000310fb30 method=java.util.LinkedHashMap.afterNodeInsertion(Z)V @ 1

Classes redefined (0 events):
No events

Internal exceptions (10 events):
Event: 14.135 Thread 0x0000000018faa000 Exception <a 'java/lang/ClassNotFoundException': org/gradle/internal/metaobject/ConfigureDelegateBeanInfo> (0x00000000e1cd79f8) thrown at [D:\src\AOSP-openjdk-cygwin\jdk8u\hotspot\src\share\vm\classfile\systemDictionary.cpp, line 210]
Event: 14.136 Thread 0x0000000018faa000 Exception <a 'java/lang/ClassNotFoundException': org/gradle/internal/metaobject/ConfigureDelegateCustomizer> (0x00000000e1d00910) thrown at [D:\src\AOSP-openjdk-cygwin\jdk8u\hotspot\src\share\vm\classfile\systemDictionary.cpp, line 210]
Event: 14.171 Thread 0x0000000018faa000 Exception <a 'java/lang/ClassNotFoundException': org/gradle/api/internal/initialization/DefaultScriptHandlerBeanInfo> (0x00000000e1d85618) thrown at [D:\src\AOSP-openjdk-cygwin\jdk8u\hotspot\src\share\vm\classfile\systemDictionary.cpp, line 210]
Event: 14.171 Thread 0x0000000018faa000 Exception <a 'java/lang/ClassNotFoundException': org/gradle/api/internal/initialization/DefaultScriptHandlerCustomizer> (0x00000000e1db5a98) thrown at [D:\src\AOSP-openjdk-cygwin\jdk8u\hotspot\src\share\vm\classfile\systemDictionary.cpp, line 210]
Event: 14.270 Thread 0x0000000018faa000 Implicit null exception at 0x0000000002f54855 to 0x0000000002f54a59
Event: 14.334 Thread 0x0000000018faa000 Implicit null exception at 0x0000000002f83d2f to 0x0000000002f83d99
Event: 15.462 Thread 0x0000000018faa000 Exception <a 'java/lang/ClassNotFoundException': org/gradle/api/internal/artifacts/dsl/dependencies/DefaultDependencyHandler_DecoratedBeanInfo> (0x00000000e0318080) thrown at [D:\src\AOSP-openjdk-cygwin\jdk8u\hotspot\src\share\vm\classfile\systemDictionar
Event: 15.463 Thread 0x0000000018faa000 Exception <a 'java/lang/ClassNotFoundException': org/gradle/api/internal/artifacts/dsl/dependencies/DefaultDependencyHandlerBeanInfo> (0x00000000e03676a0) thrown at [D:\src\AOSP-openjdk-cygwin\jdk8u\hotspot\src\share\vm\classfile\systemDictionary.cpp, lin
Event: 15.464 Thread 0x0000000018faa000 Exception <a 'java/lang/ClassNotFoundException': org/gradle/api/internal/artifacts/dsl/dependencies/DefaultDependencyHandlerCustomizer> (0x00000000e03b7d40) thrown at [D:\src\AOSP-openjdk-cygwin\jdk8u\hotspot\src\share\vm\classfile\systemDictionary.cpp, l
Event: 15.470 Thread 0x0000000018faa000 Exception <a 'java/lang/ClassNotFoundException': org/gradle/api/internal/artifacts/dsl/dependencies/DefaultDependencyHandler_DecoratedCustomizer> (0x00000000e0443540) thrown at [D:\src\AOSP-openjdk-cygwin\jdk8u\hotspot\src\share\vm\classfile\systemDiction

Events (10 events):
Event: 16.601 loading class org/gradle/api/internal/artifacts/ivyservice/resolveengine/artifact/FileDependencyArtifactSet
Event: 16.601 loading class org/gradle/api/internal/artifacts/ivyservice/resolveengine/artifact/FileDependencyArtifactSet done
Event: 16.602 loading class org/gradle/api/internal/artifacts/ivyservice/resolveengine/artifact/ResolvedArtifactSet
Event: 16.602 loading class org/gradle/api/internal/artifacts/ivyservice/resolveengine/artifact/ResolvedArtifactSet done
Event: 16.603 loading class org/gradle/api/internal/artifacts/ivyservice/resolveengine/oldresult/TransientConfigurationResultsBuilder$5
Event: 16.603 loading class org/gradle/api/internal/artifacts/ivyservice/resolveengine/oldresult/TransientConfigurationResultsBuilder$5 done
Event: 16.604 loading class org/gradle/api/internal/artifacts/ivyservice/resolveengine/result/StreamingResolutionResultBuilder$1
Event: 16.604 loading class org/gradle/api/internal/artifacts/ivyservice/resolveengine/result/StreamingResolutionResultBuilder$1 done
Event: 16.605 loading class org/gradle/api/internal/artifacts/ivyservice/resolveengine/oldresult/TransientConfigurationResultsBuilder$2
Event: 16.605 loading class org/gradle/api/internal/artifacts/ivyservice/resolveengine/oldresult/TransientConfigurationResultsBuilder$2 done


Dynamic libraries:
0x00007ff7b1450000 - 0x00007ff7b1481000 	C:\Program Files\Android\Android Studio\jre\bin\java.exe
0x00007ffb4d440000 - 0x00007ffb4d630000 	C:\WINDOWS\SYSTEM32\ntdll.dll
0x00007ffb4b650000 - 0x00007ffb4b702000 	C:\WINDOWS\System32\KERNEL32.DLL
0x00007ffb4ad50000 - 0x00007ffb4aff3000 	C:\WINDOWS\System32\KERNELBASE.dll
0x00007ffb47780000 - 0x00007ffb4780f000 	C:\WINDOWS\SYSTEM32\apphelp.dll
0x00007ffb045f0000 - 0x00007ffb04a82000 	C:\WINDOWS\SYSTEM32\AcLayers.DLL
0x00007ffb4d000000 - 0x00007ffb4d09e000 	C:\WINDOWS\System32\msvcrt.dll
0x00007ffb4b770000 - 0x00007ffb4b904000 	C:\WINDOWS\System32\USER32.dll
0x00007ffb4b4c0000 - 0x00007ffb4b4e1000 	C:\WINDOWS\System32\win32u.dll
0x00007ffb4c8c0000 - 0x00007ffb4c8e6000 	C:\WINDOWS\System32\GDI32.dll
0x00007ffb4abb0000 - 0x00007ffb4ad44000 	C:\WINDOWS\System32\gdi32full.dll
0x00007ffb4b050000 - 0x00007ffb4b0ee000 	C:\WINDOWS\System32\msvcp_win.dll
0x00007ffb4b0f0000 - 0x00007ffb4b1ea000 	C:\WINDOWS\System32\ucrtbase.dll
0x00007ffb4d0a0000 - 0x00007ffb4d0f2000 	C:\WINDOWS\System32\SHLWAPI.dll
0x00007ffb4c070000 - 0x00007ffb4c3a6000 	C:\WINDOWS\System32\combase.dll
0x00007ffb4b530000 - 0x00007ffb4b650000 	C:\WINDOWS\System32\RPCRT4.dll
0x00007ffb4b1f0000 - 0x00007ffb4b270000 	C:\WINDOWS\System32\bcryptPrimitives.dll
0x00007ffb4d280000 - 0x00007ffb4d323000 	C:\WINDOWS\System32\ADVAPI32.dll
0x00007ffb4d180000 - 0x00007ffb4d217000 	C:\WINDOWS\System32\sechost.dll
0x00000000006e0000 - 0x00000000006e3000 	C:\WINDOWS\SYSTEM32\sfc.dll
0x00007ffb3fc10000 - 0x00007ffb3fc99000 	C:\WINDOWS\SYSTEM32\WINSPOOL.DRV
0x00007ffb4a340000 - 0x00007ffb4a351000 	C:\WINDOWS\System32\kernel.appcore.dll
0x00007ffb4b290000 - 0x00007ffb4b2b6000 	C:\WINDOWS\System32\bcrypt.dll
0x00007ffb45fa0000 - 0x00007ffb4608f000 	C:\WINDOWS\SYSTEM32\PROPSYS.dll
0x00007ffb4c460000 - 0x00007ffb4c524000 	C:\WINDOWS\System32\OLEAUT32.dll
0x00007ffb4c3b0000 - 0x00007ffb4c459000 	C:\WINDOWS\System32\shcore.dll
0x00007ffb491b0000 - 0x00007ffb491ea000 	C:\WINDOWS\SYSTEM32\IPHLPAPI.DLL
0x00007ffb35fb0000 - 0x00007ffb35fc1000 	C:\WINDOWS\SYSTEM32\sfc_os.DLL
0x00007ffb41f60000 - 0x00007ffb41f71000 	C:\WINDOWS\SYSTEM32\SortWindows61.dll
0x00007ffb4b500000 - 0x00007ffb4b52e000 	C:\WINDOWS\System32\IMM32.DLL
0x00007ffb49580000 - 0x00007ffb49805000 	C:\WINDOWS\WinSxS\amd64_microsoft.windows.common-controls_6595b64144ccf1df_6.0.18362.592_none_e6c0b1911312be02\COMCTL32.dll
0x000000005f030000 - 0x000000005f102000 	C:\Program Files\Android\Android Studio\jre\jre\bin\msvcr100.dll
0x000000005f110000 - 0x000000005f956000 	C:\Program Files\Android\Android Studio\jre\jre\bin\server\jvm.dll
0x00007ffb4c050000 - 0x00007ffb4c058000 	C:\WINDOWS\System32\PSAPI.DLL
0x00007ffb3b2b0000 - 0x00007ffb3b2b9000 	C:\WINDOWS\SYSTEM32\WSOCK32.dll
0x00007ffb4bfe0000 - 0x00007ffb4c04f000 	C:\WINDOWS\System32\WS2_32.dll
0x00007ffb47f60000 - 0x00007ffb47f6a000 	C:\WINDOWS\SYSTEM32\VERSION.dll
0x00007ffb47100000 - 0x00007ffb47124000 	C:\WINDOWS\SYSTEM32\WINMM.dll
0x00007ffb470d0000 - 0x00007ffb470fd000 	C:\WINDOWS\SYSTEM32\winmmbase.dll
0x00007ffb4b000000 - 0x00007ffb4b04a000 	C:\WINDOWS\System32\cfgmgr32.dll
0x00007ffb44a80000 - 0x00007ffb44a8f000 	C:\Program Files\Android\Android Studio\jre\jre\bin\verify.dll
0x00007ffb33810000 - 0x00007ffb33839000 	C:\Program Files\Android\Android Studio\jre\jre\bin\java.dll
0x00007ffb314c0000 - 0x00007ffb314d6000 	C:\Program Files\Android\Android Studio\jre\jre\bin\zip.dll
0x00007ffb4c8f0000 - 0x00007ffb4cfd5000 	C:\WINDOWS\System32\SHELL32.dll
0x00007ffb4a430000 - 0x00007ffb4abaf000 	C:\WINDOWS\System32\windows.storage.dll
0x00007ffb4a320000 - 0x00007ffb4a33f000 	C:\WINDOWS\System32\profapi.dll
0x00007ffb4a380000 - 0x00007ffb4a3ca000 	C:\WINDOWS\System32\powrprof.dll
0x00007ffb4a310000 - 0x00007ffb4a320000 	C:\WINDOWS\System32\UMPDC.dll
0x00007ffb4b270000 - 0x00007ffb4b287000 	C:\WINDOWS\System32\cryptsp.dll
0x00007ffb314a0000 - 0x00007ffb314ba000 	C:\Program Files\Android\Android Studio\jre\jre\bin\net.dll
0x00007ffb494c0000 - 0x00007ffb49527000 	C:\WINDOWS\system32\mswsock.dll
0x00007ffb31420000 - 0x00007ffb31431000 	C:\Program Files\Android\Android Studio\jre\jre\bin\nio.dll
0x00007ffb2e690000 - 0x00007ffb2e6b6000 	C:\Users\Rijo's\.gradle\native\29\windows-amd64\native-platform.dll
0x00007ffb443a0000 - 0x00007ffb443ad000 	C:\Program Files\Android\Android Studio\jre\jre\bin\management.dll
0x00007ffb49010000 - 0x00007ffb49043000 	C:\WINDOWS\system32\rsaenh.dll
0x00007ffb4a230000 - 0x00007ffb4a255000 	C:\WINDOWS\SYSTEM32\USERENV.dll
0x00007ffb49920000 - 0x00007ffb4992c000 	C:\WINDOWS\SYSTEM32\CRYPTBASE.dll
0x00007ffb4c060000 - 0x00007ffb4c068000 	C:\WINDOWS\System32\NSI.dll
0x00007ffb3ec20000 - 0x00007ffb3ec36000 	C:\WINDOWS\SYSTEM32\dhcpcsvc6.DLL
0x00007ffb3ee30000 - 0x00007ffb3ee4c000 	C:\WINDOWS\SYSTEM32\dhcpcsvc.DLL
0x00007ffb491f0000 - 0x00007ffb492ba000 	C:\WINDOWS\SYSTEM32\DNSAPI.dll
0x00007ffb49dd0000 - 0x00007ffb49fc4000 	C:\WINDOWS\SYSTEM32\dbghelp.dll

VM Arguments:
jvm_args: -Xmx1536m -Dfile.encoding=windows-1252 -Duser.country=US -Duser.language=en -Duser.variant 
java_command: org.gradle.launcher.daemon.bootstrap.GradleDaemon 5.4.1
java_class_path (initial): C:\Users\Rijo's\.gradle\wrapper\dists\gradle-5.4.1-all\3221gyojl5jsh0helicew7rwx\gradle-5.4.1\lib\gradle-launcher-5.4.1.jar
Launcher Type: SUN_STANDARD

Environment Variables:
JAVA_HOME=C:\Program Files\Android\Android Studio\jre
PATH=C:\Program Files (x86)\NVIDIA Corporation\PhysX\Common;C:\Windows\system32;C:\Windows;C:\Windows\System32\Wbem;C:\Windows\System32\WindowsPowerShell\v1.0\;C:\WINDOWS\system32;C:\WINDOWS;C:\WINDOWS\System32\Wbem;C:\WINDOWS\System32\WindowsPowerShell\v1.0\;C:\WINDOWS\System32\OpenSSH\;C:\Program Files\Git\cmd;C:\Program Files\Android\Android Studio\jre;C:\Users\Rijo's\AppData\Local\Microsoft\WindowsApps;
USERNAME=Rijo's
OS=Windows_NT
PROCESSOR_IDENTIFIER=Intel64 Family 6 Model 42 Stepping 7, GenuineIntel



---------------  S Y S T E M  ---------------

OS: Windows 10.0 , 64 bit Build 18362 (10.0.18362.329)

CPU:total 4 (initial active 4) (2 cores per cpu, 2 threads per core) family 6 model 42 stepping 7, cmov, cx8, fxsr, mmx, sse, sse2, sse3, ssse3, sse4.1, sse4.2, popcnt, avx, clmul, ht, tsc, tscinvbit

Memory: 4k page, physical 8263016k(3489924k free), swap 9573736k(3845424k free)

vm_info: OpenJDK 64-Bit Server VM (25.202-b03) for windows-amd64 JRE (1.8.0_202-release-1483-b03), built by "builder" with MS VC++ 10.0 (VS2010)

time: Sun Feb 02 02:23:03 2020
timezone: India Standard Time
elapsed time: 16 seconds (0d 0h 0m 16s)

